{"ts":1773852639577,"action":"PROJECT_OPENED","tags":{"PROJECT_NAME":"android-src"}}
{"ts":1773852643431,"action":"IDE_ACTIVATED"}
{"ts":1773852694596,"action":"IDE_DEACTIVATED"}
{"ts":1773852703261,"action":"IDE_ACTIVATED"}
{"ts":1773852843478,"action":"IDE_DEACTIVATED"}
{"ts":1773852951434,"action":"IDE_ACTIVATED"}
{"ts":1773852980171,"action":"IDE_DEACTIVATED"}
{"ts":1773852981863,"action":"IDE_ACTIVATED"}
{"ts":1773852986821,"action":"PROJECT_CLOSED","tags":{"PROJECT_NAME":"JustCalculator"}}
{"ts":1773852996151,"action":"PROJECT_OPENED","tags":{"PROJECT_NAME":"JustCalculator"}}
{"ts":1773853152311,"action":"IDE_DEACTIVATED"}
{"ts":1773853231223,"action":"IDE_ACTIVATED"}
{"ts":1773853245999,"action":"IDE_DEACTIVATED"}
{"ts":1773853248093,"action":"IDE_ACTIVATED"}
{"ts":1773853310254,"action":"IDE_DEACTIVATED"}
{"ts":1773859448824,"action":"IDE_ACTIVATED"}
{"ts":1773859471039,"action":"IDE_DEACTIVATED"}
{"ts":1773859471864,"action":"IDE_ACTIVATED"}
{"ts":1773859546414,"action":"IDE_DEACTIVATED"}
{"ts":1773859624537,"action":"IDE_ACTIVATED"}
{"ts":1773859641604,"action":"FILE_OPENED","file":"/app/src/main/java/com/avlasov/justcalculator/MainActivity.kt","tags":{"FILE_LINE_OF_CODE":"56"}}
{"ts":1773859651950,"action":"FILE_CLOSED","file":"/app/src/main/java/com/avlasov/justcalculator/MainActivity.kt","tags":{"FILE_LINE_OF_CODE":"56"}}
{"ts":1773859651950,"action":"FILE_OPENED","file":"/app/src/main/AndroidManifest.xml","tags":{"FILE_LINE_OF_CODE":"33"}}
{"ts":1773859657826,"action":"IDE_DEACTIVATED"}
{"ts":1773859657968,"action":"IDE_ACTIVATED"}
{"ts":1773859658498,"action":"IDE_DEACTIVATED"}
{"ts":1773859761470,"action":"IDE_ACTIVATED"}
{"ts":1773859762182,"action":"IDE_DEACTIVATED"}
{"ts":1773859763043,"action":"IDE_ACTIVATED"}
{"ts":1773859810070,"action":"IDE_DEACTIVATED"}
{"ts":1773859829460,"action":"IDE_ACTIVATED"}
{"ts":1773859885263,"action":"IDE_DEACTIVATED"}
{"ts":1773859940253,"action":"IDE_ACTIVATED"}
{"ts":1773859985093,"action":"IDE_DEACTIVATED"}
{"ts":1773859985207,"action":"IDE_ACTIVATED"}
{"ts":1773859985685,"action":"IDE_DEACTIVATED"}
{"ts":1773859995331,"action":"IDE_ACTIVATED"}
{"ts":1773860002159,"action":"IDE_DEACTIVATED"}
{"ts":1773860125736,"action":"IDE_ACTIVATED"}
{"ts":1773860139212,"action":"IDE_DEACTIVATED"}
{"ts":1773860139323,"action":"IDE_ACTIVATED"}
{"ts":1773860232227,"action":"IDE_DEACTIVATED"}
{"ts":1773860752222,"action":"IDE_ACTIVATED"}
{"ts":1773860764826,"action":"IDE_DEACTIVATED"}
{"ts":1773860764926,"action":"IDE_ACTIVATED"}
{"ts":1773860830033,"action":"PROJECT_CLOSED","tags":{"PROJECT_NAME":"JustCalculator"}}
{"ts":1773945060781,"action":"FILE_OPENED","file":"/app/src/main/AndroidManifest.xml","tags":{"FILE_LINE_OF_CODE":"33"}}
{"ts":1773945061033,"action":"PROJECT_OPENED","tags":{"PROJECT_NAME":"JustCalculator"}}
{"ts":1773945070419,"action":"IDE_DEACTIVATED"}
{"ts":1773945533159,"action":"IDE_ACTIVATED"}
{"ts":1773945534000,"action":"IDE_DEACTIVATED"}
{"ts":1773945572827,"action":"IDE_ACTIVATED"}
{"ts":1773945621022,"action":"IDE_DEACTIVATED"}
{"ts":1773945621027,"action":"IDE_ACTIVATED"}
{"ts":1773945653685,"action":"IDE_DEACTIVATED"}
{"ts":1773945653774,"action":"IDE_ACTIVATED"}
{"ts":1773945665625,"action":"FILE_CLOSED","file":"/app/src/main/AndroidManifest.xml","tags":{"FILE_LINE_OF_CODE":"33"}}
{"ts":1773945688372,"action":"FILE_OPENED","file":"/app/src/main/AndroidManifest.xml","tags":{"FILE_LINE_OF_CODE":"33"}}
{"ts":1773945708100,"action":"FILE_CLOSED","file":"/app/src/main/AndroidManifest.xml","tags":{"FILE_LINE_OF_CODE":"33"}}
{"ts":1773945711764,"action":"FILE_OPENED","file":"/app/src/main/res/mipmap-anydpi-v26/ic_launcher.xml","tags":{"FILE_LINE_OF_CODE":"6"}}
{"ts":1773945712794,"action":"FILE_CLOSED","file":"/app/src/main/res/mipmap-anydpi-v26/ic_launcher.xml","tags":{"FILE_LINE_OF_CODE":"6"}}
{"ts":1773945713871,"action":"FILE_OPENED","file":"/app/src/main/res/mipmap-anydpi-v26/ic_launcher.xml","tags":{"FILE_LINE_OF_CODE":"6"}}
{"ts":1773945724199,"action":"FILE_CLOSED","file":"/app/src/main/res/mipmap-anydpi-v26/ic_launcher.xml","tags":{"FILE_LINE_OF_CODE":"6"}}
{"ts":1773945736012,"action":"FILE_OPENED","file":"/app/src/main/res/mipmap-anydpi-v26/ic_launcher.xml","tags":{"FILE_LINE_OF_CODE":"6"}}
{"ts":1773945743411,"action":"FILE_CLOSED","file":"/app/src/main/res/mipmap-anydpi-v26/ic_launcher.xml","tags":{"FILE_LINE_OF_CODE":"6"}}
{"ts":1773945746838,"action":"FILE_OPENED","file":"/app/src/main/res/mipmap-anydpi-v26/ic_launcher.xml","tags":{"FILE_LINE_OF_CODE":"6"}}
{"ts":1773945756158,"action":"IDE_DEACTIVATED"}
{"ts":1773945952872,"action":"IDE_ACTIVATED"}
{"ts":1773945999943,"action":"IDE_DEACTIVATED"}
{"ts":1773946000069,"action":"IDE_ACTIVATED"}
{"ts":1773946023626,"action":"IDE_DEACTIVATED"}
{"ts":1773946026719,"action":"IDE_ACTIVATED"}
{"ts":1773946029908,"action":"IDE_DEACTIVATED"}
{"ts":1773946144639,"action":"IDE_ACTIVATED"}
{"ts":1773946176582,"action":"IDE_DEACTIVATED"}
{"ts":1773946176677,"action":"IDE_ACTIVATED"}
{"ts":1773946231492,"action":"IDE_DEACTIVATED"}
{"ts":1773946388504,"action":"IDE_ACTIVATED"}
{"ts":1773946406175,"action":"IDE_DEACTIVATED"}
{"ts":1773946418422,"action":"IDE_ACTIVATED"}
{"ts":1773946429671,"action":"PROJECT_CLOSED","tags":{"PROJECT_NAME":"JustCalculator"}}
{"ts":1773946435644,"action":"PROJECT_OPENED","tags":{"PROJECT_NAME":"JustCalculator"}}
{"ts":1773946468111,"action":"FILE_OPENED","file":"/app/src/main/res/mipmap-anydpi-v26/ic_launcher.xml","tags":{"FILE_LINE_OF_CODE":"6"}}
{"ts":1773946473137,"action":"FILE_CLOSED","file":"/app/src/main/res/mipmap-anydpi-v26/ic_launcher.xml","tags":{"FILE_LINE_OF_CODE":"6"}}
{"ts":1773946543325,"action":"IDE_DEACTIVATED"}
{"ts":1773946543431,"action":"IDE_ACTIVATED"}
{"ts":1773946543896,"action":"IDE_DEACTIVATED"}
{"ts":1773946590422,"action":"IDE_ACTIVATED"}
{"ts":1773946635357,"action":"IDE_DEACTIVATED"}
{"ts":1773946635483,"action":"IDE_ACTIVATED"}
{"ts":1773946636084,"action":"IDE_DEACTIVATED"}
{"ts":1773946661717,"action":"IDE_ACTIVATED"}
{"ts":1773946701541,"action":"IDE_DEACTIVATED"}
{"ts":1773946713434,"action":"IDE_ACTIVATED"}
{"ts":1773946717930,"action":"IDE_DEACTIVATED"}
{"ts":1773946728322,"action":"IDE_ACTIVATED"}
{"ts":1773946729552,"action":"IDE_DEACTIVATED"}
{"ts":1773947301154,"action":"IDE_ACTIVATED"}
{"ts":1773947312771,"action":"IDE_DEACTIVATED"}
{"ts":1773947312872,"action":"IDE_ACTIVATED"}
{"ts":1773947329098,"action":"IDE_DEACTIVATED"}
{"ts":1773947334371,"action":"IDE_ACTIVATED"}
{"ts":1773947335658,"action":"IDE_DEACTIVATED"}
{"ts":1773947572577,"action":"IDE_ACTIVATED"}
{"ts":1773947585265,"action":"IDE_DEACTIVATED"}
{"ts":1773947585362,"action":"IDE_ACTIVATED"}
{"ts":1773947606128,"action":"IDE_DEACTIVATED"}
{"ts":1773947753165,"action":"IDE_ACTIVATED"}
{"ts":1773947776154,"action":"IDE_DEACTIVATED"}
{"ts":1773947776252,"action":"IDE_ACTIVATED"}
{"ts":1773947809833,"action":"IDE_DEACTIVATED"}
{"ts":1773948173490,"action":"IDE_ACTIVATED"}
{"ts":1773948186636,"action":"IDE_DEACTIVATED"}
{"ts":1773948186738,"action":"IDE_ACTIVATED"}
{"ts":1773948218561,"action":"IDE_DEACTIVATED"}
